<?xml version="1.0" encoding="UTF-8"?>
<coverage generated="1639127990026" clover="3.2.0">
  <project timestamp="1639127990026" name="All files">
    <metrics statements="7" coveredstatements="4" conditionals="3" coveredconditionals="2" methods="1" coveredmethods="1" elements="11" coveredelements="7" complexity="0" loc="7" ncloc="7" packages="1" files="1" classes="1"/>
    <file name="ClientError.js" path="/Users/tokyo/Project/Auth-API/src/Commons/exceptions/ClientError.js">
      <metrics statements="7" coveredstatements="4" conditionals="3" coveredconditionals="2" methods="1" coveredmethods="1"/>
      <line num="3" count="1" type="stmt"/>
      <line num="5" count="1" type="cond" truecount="1" falsecount="1"/>
      <line num="6" count="1" type="stmt"/>
      <line num="9" count="0" type="stmt"/>
      <line num="11" count="0" type="stmt"/>
      <line num="12" count="0" type="stmt"/>
      <line num="16" count="1" type="stmt"/>
    </file>
  </project>
</coverage>
